{"C:\\Users\\Mycomputer\\OneDrive\\Desktop\\Hactiv8\\Phase 2\\IP-RMT61\\server\\server.js": {"path":"C:\\Users\\Mycomputer\\OneDrive\\Desktop\\Hactiv8\\Phase 2\\IP-RMT61\\server\\server.js","statementMap":{"0":{"start":{"line":1,"column":0},"end":{"line":1,"column":27}},"1":{"start":{"line":2,"column":16},"end":{"line":2,"column":34}},"2":{"start":{"line":3,"column":13},"end":{"line":3,"column":28}},"3":{"start":{"line":4,"column":29},"end":{"line":4,"column":48}},"4":{"start":{"line":5,"column":19},"end":{"line":5,"column":43}},"5":{"start":{"line":6,"column":19},"end":{"line":6,"column":43}},"6":{"start":{"line":7,"column":20},"end":{"line":7,"column":46}},"7":{"start":{"line":9,"column":12},"end":{"line":9,"column":21}},"8":{"start":{"line":10,"column":0},"end":{"line":10,"column":16}},"9":{"start":{"line":11,"column":0},"end":{"line":11,"column":24}},"10":{"start":{"line":14,"column":0},"end":{"line":14,"column":33}},"11":{"start":{"line":15,"column":0},"end":{"line":15,"column":33}},"12":{"start":{"line":16,"column":0},"end":{"line":16,"column":36}},"13":{"start":{"line":19,"column":0},"end":{"line":31,"column":3}},"14":{"start":{"line":20,"column":23},"end":{"line":20,"column":31}},"15":{"start":{"line":21,"column":18},"end":{"line":21,"column":39}},"16":{"start":{"line":22,"column":17},"end":{"line":22,"column":48}},"17":{"start":{"line":24,"column":2},"end":{"line":28,"column":3}},"18":{"start":{"line":25,"column":4},"end":{"line":25,"column":71}},"19":{"start":{"line":26,"column":9},"end":{"line":28,"column":3}},"20":{"start":{"line":27,"column":4},"end":{"line":27,"column":74}},"21":{"start":{"line":30,"column":2},"end":{"line":30,"column":24}},"22":{"start":{"line":34,"column":0},"end":{"line":39,"column":1}},"23":{"start":{"line":35,"column":15},"end":{"line":35,"column":39}},"24":{"start":{"line":36,"column":2},"end":{"line":38,"column":5}},"25":{"start":{"line":37,"column":4},"end":{"line":37,"column":50}},"26":{"start":{"line":41,"column":0},"end":{"line":41,"column":21}}},"fnMap":{"0":{"name":"(anonymous_0)","decl":{"start":{"line":19,"column":38},"end":{"line":19,"column":39}},"loc":{"start":{"line":19,"column":58},"end":{"line":31,"column":1}},"line":19},"1":{"name":"(anonymous_1)","decl":{"start":{"line":36,"column":19},"end":{"line":36,"column":20}},"loc":{"start":{"line":36,"column":25},"end":{"line":38,"column":3}},"line":36}},"branchMap":{"0":{"loc":{"start":{"line":24,"column":2},"end":{"line":28,"column":3}},"type":"if","locations":[{"start":{"line":24,"column":2},"end":{"line":28,"column":3}},{"start":{"line":26,"column":9},"end":{"line":28,"column":3}}],"line":24},"1":{"loc":{"start":{"line":24,"column":6},"end":{"line":24,"column":53}},"type":"binary-expr","locations":[{"start":{"line":24,"column":6},"end":{"line":24,"column":29}},{"start":{"line":24,"column":33},"end":{"line":24,"column":53}}],"line":24},"2":{"loc":{"start":{"line":26,"column":9},"end":{"line":28,"column":3}},"type":"if","locations":[{"start":{"line":26,"column":9},"end":{"line":28,"column":3}},{"start":{},"end":{}}],"line":26},"3":{"loc":{"start":{"line":34,"column":0},"end":{"line":39,"column":1}},"type":"if","locations":[{"start":{"line":34,"column":0},"end":{"line":39,"column":1}},{"start":{},"end":{}}],"line":34},"4":{"loc":{"start":{"line":35,"column":15},"end":{"line":35,"column":39}},"type":"binary-expr","locations":[{"start":{"line":35,"column":15},"end":{"line":35,"column":31}},{"start":{"line":35,"column":35},"end":{"line":35,"column":39}}],"line":35}},"s":{"0":1,"1":1,"2":1,"3":1,"4":1,"5":1,"6":1,"7":1,"8":1,"9":1,"10":1,"11":1,"12":1,"13":1,"14":0,"15":0,"16":0,"17":0,"18":0,"19":0,"20":0,"21":0,"22":1,"23":0,"24":0,"25":0,"26":1},"f":{"0":0,"1":0},"b":{"0":[0,0],"1":[0,0],"2":[0,0],"3":[0,1],"4":[0,0]},"_coverageSchema":"1a1c01bbd47fc00a2c39e90264f33305004495a9","hash":"46c50eb04b94d0de95fada81f618d024f2320679"}
,"C:\\Users\\Mycomputer\\OneDrive\\Desktop\\Hactiv8\\Phase 2\\IP-RMT61\\server\\middleware\\auth.js": {"path":"C:\\Users\\Mycomputer\\OneDrive\\Desktop\\Hactiv8\\Phase 2\\IP-RMT61\\server\\middleware\\auth.js","statementMap":{"0":{"start":{"line":1,"column":12},"end":{"line":1,"column":35}},"1":{"start":{"line":3,"column":26},"end":{"line":13,"column":1}},"2":{"start":{"line":4,"column":21},"end":{"line":4,"column":49}},"3":{"start":{"line":5,"column":16},"end":{"line":5,"column":54}},"4":{"start":{"line":6,"column":2},"end":{"line":6,"column":74}},"5":{"start":{"line":6,"column":14},"end":{"line":6,"column":74}},"6":{"start":{"line":8,"column":2},"end":{"line":12,"column":5}},"7":{"start":{"line":9,"column":4},"end":{"line":9,"column":69}},"8":{"start":{"line":9,"column":13},"end":{"line":9,"column":69}},"9":{"start":{"line":10,"column":4},"end":{"line":10,"column":20}},"10":{"start":{"line":11,"column":4},"end":{"line":11,"column":11}},"11":{"start":{"line":15,"column":0},"end":{"line":15,"column":35}}},"fnMap":{"0":{"name":"(anonymous_0)","decl":{"start":{"line":3,"column":26},"end":{"line":3,"column":27}},"loc":{"start":{"line":3,"column":46},"end":{"line":13,"column":1}},"line":3},"1":{"name":"(anonymous_1)","decl":{"start":{"line":8,"column":44},"end":{"line":8,"column":45}},"loc":{"start":{"line":8,"column":59},"end":{"line":12,"column":3}},"line":8}},"branchMap":{"0":{"loc":{"start":{"line":5,"column":16},"end":{"line":5,"column":54}},"type":"binary-expr","locations":[{"start":{"line":5,"column":16},"end":{"line":5,"column":26}},{"start":{"line":5,"column":30},"end":{"line":5,"column":54}}],"line":5},"1":{"loc":{"start":{"line":6,"column":2},"end":{"line":6,"column":74}},"type":"if","locations":[{"start":{"line":6,"column":2},"end":{"line":6,"column":74}},{"start":{},"end":{}}],"line":6},"2":{"loc":{"start":{"line":9,"column":4},"end":{"line":9,"column":69}},"type":"if","locations":[{"start":{"line":9,"column":4},"end":{"line":9,"column":69}},{"start":{},"end":{}}],"line":9}},"s":{"0":1,"1":1,"2":0,"3":0,"4":0,"5":0,"6":0,"7":0,"8":0,"9":0,"10":0,"11":1},"f":{"0":0,"1":0},"b":{"0":[0,0],"1":[0,0],"2":[0,0]},"_coverageSchema":"1a1c01bbd47fc00a2c39e90264f33305004495a9","hash":"cca7c86c723066b351e889d5335d7b8af9578ea4"}
,"C:\\Users\\Mycomputer\\OneDrive\\Desktop\\Hactiv8\\Phase 2\\IP-RMT61\\server\\models\\index.js": {"path":"C:\\Users\\Mycomputer\\OneDrive\\Desktop\\Hactiv8\\Phase 2\\IP-RMT61\\server\\models\\index.js","statementMap":{"0":{"start":{"line":3,"column":11},"end":{"line":3,"column":24}},"1":{"start":{"line":4,"column":13},"end":{"line":4,"column":28}},"2":{"start":{"line":5,"column":18},"end":{"line":5,"column":38}},"3":{"start":{"line":6,"column":16},"end":{"line":6,"column":34}},"4":{"start":{"line":7,"column":17},"end":{"line":7,"column":42}},"5":{"start":{"line":8,"column":12},"end":{"line":8,"column":49}},"6":{"start":{"line":9,"column":15},"end":{"line":9,"column":65}},"7":{"start":{"line":10,"column":11},"end":{"line":10,"column":13}},"8":{"start":{"line":13,"column":0},"end":{"line":17,"column":1}},"9":{"start":{"line":14,"column":2},"end":{"line":14,"column":74}},"10":{"start":{"line":16,"column":2},"end":{"line":16,"column":87}},"11":{"start":{"line":19,"column":0},"end":{"line":32,"column":5}},"12":{"start":{"line":22,"column":4},"end":{"line":27,"column":6}},"13":{"start":{"line":30,"column":18},"end":{"line":30,"column":85}},"14":{"start":{"line":31,"column":4},"end":{"line":31,"column":27}},"15":{"start":{"line":34,"column":0},"end":{"line":38,"column":3}},"16":{"start":{"line":35,"column":2},"end":{"line":37,"column":3}},"17":{"start":{"line":36,"column":4},"end":{"line":36,"column":32}},"18":{"start":{"line":40,"column":0},"end":{"line":40,"column":25}},"19":{"start":{"line":41,"column":0},"end":{"line":41,"column":25}},"20":{"start":{"line":43,"column":0},"end":{"line":43,"column":20}}},"fnMap":{"0":{"name":"(anonymous_0)","decl":{"start":{"line":21,"column":10},"end":{"line":21,"column":11}},"loc":{"start":{"line":21,"column":18},"end":{"line":28,"column":3}},"line":21},"1":{"name":"(anonymous_1)","decl":{"start":{"line":29,"column":11},"end":{"line":29,"column":12}},"loc":{"start":{"line":29,"column":19},"end":{"line":32,"column":3}},"line":29},"2":{"name":"(anonymous_2)","decl":{"start":{"line":34,"column":24},"end":{"line":34,"column":25}},"loc":{"start":{"line":34,"column":37},"end":{"line":38,"column":1}},"line":34}},"branchMap":{"0":{"loc":{"start":{"line":8,"column":12},"end":{"line":8,"column":49}},"type":"binary-expr","locations":[{"start":{"line":8,"column":12},"end":{"line":8,"column":32}},{"start":{"line":8,"column":36},"end":{"line":8,"column":49}}],"line":8},"1":{"loc":{"start":{"line":13,"column":0},"end":{"line":17,"column":1}},"type":"if","locations":[{"start":{"line":13,"column":0},"end":{"line":17,"column":1}},{"start":{"line":15,"column":7},"end":{"line":17,"column":1}}],"line":13},"2":{"loc":{"start":{"line":23,"column":6},"end":{"line":26,"column":37}},"type":"binary-expr","locations":[{"start":{"line":23,"column":6},"end":{"line":23,"column":29}},{"start":{"line":24,"column":6},"end":{"line":24,"column":23}},{"start":{"line":25,"column":6},"end":{"line":25,"column":30}},{"start":{"line":26,"column":6},"end":{"line":26,"column":37}}],"line":23},"3":{"loc":{"start":{"line":35,"column":2},"end":{"line":37,"column":3}},"type":"if","locations":[{"start":{"line":35,"column":2},"end":{"line":37,"column":3}},{"start":{},"end":{}}],"line":35}},"s":{"0":1,"1":1,"2":1,"3":1,"4":1,"5":1,"6":1,"7":1,"8":1,"9":0,"10":1,"11":1,"12":5,"13":4,"14":4,"15":1,"16":4,"17":4,"18":1,"19":1,"20":1},"f":{"0":5,"1":4,"2":4},"b":{"0":[1,0],"1":[0,1],"2":[5,5,4,4],"3":[4,0]},"_coverageSchema":"1a1c01bbd47fc00a2c39e90264f33305004495a9","hash":"9f70664ced19eaeff176aeed9b0da28b18f8b9fc"}
,"C:\\Users\\Mycomputer\\OneDrive\\Desktop\\Hactiv8\\Phase 2\\IP-RMT61\\server\\models\\menuitem.js": {"path":"C:\\Users\\Mycomputer\\OneDrive\\Desktop\\Hactiv8\\Phase 2\\IP-RMT61\\server\\models\\menuitem.js","statementMap":{"0":{"start":{"line":2,"column":18},"end":{"line":2,"column":38}},"1":{"start":{"line":3,"column":0},"end":{"line":23,"column":2}},"2":{"start":{"line":6,"column":6},"end":{"line":6,"column":73}},"3":{"start":{"line":9,"column":2},"end":{"line":21,"column":4}},"4":{"start":{"line":22,"column":2},"end":{"line":22,"column":18}}},"fnMap":{"0":{"name":"(anonymous_0)","decl":{"start":{"line":3,"column":17},"end":{"line":3,"column":18}},"loc":{"start":{"line":3,"column":43},"end":{"line":23,"column":1}},"line":3},"1":{"name":"(anonymous_1)","decl":{"start":{"line":5,"column":4},"end":{"line":5,"column":5}},"loc":{"start":{"line":5,"column":29},"end":{"line":7,"column":5}},"line":5}},"branchMap":{},"s":{"0":1,"1":1,"2":1,"3":1,"4":1},"f":{"0":1,"1":1},"b":{},"_coverageSchema":"1a1c01bbd47fc00a2c39e90264f33305004495a9","hash":"c325721c53e36c2e551d111c0a72122d9013b5f5"}
,"C:\\Users\\Mycomputer\\OneDrive\\Desktop\\Hactiv8\\Phase 2\\IP-RMT61\\server\\models\\order.js": {"path":"C:\\Users\\Mycomputer\\OneDrive\\Desktop\\Hactiv8\\Phase 2\\IP-RMT61\\server\\models\\order.js","statementMap":{"0":{"start":{"line":2,"column":18},"end":{"line":2,"column":38}},"1":{"start":{"line":3,"column":0},"end":{"line":27,"column":2}},"2":{"start":{"line":6,"column":6},"end":{"line":6,"column":61}},"3":{"start":{"line":7,"column":6},"end":{"line":7,"column":67}},"4":{"start":{"line":10,"column":2},"end":{"line":25,"column":4}},"5":{"start":{"line":26,"column":2},"end":{"line":26,"column":15}}},"fnMap":{"0":{"name":"(anonymous_0)","decl":{"start":{"line":3,"column":17},"end":{"line":3,"column":18}},"loc":{"start":{"line":3,"column":43},"end":{"line":27,"column":1}},"line":3},"1":{"name":"(anonymous_1)","decl":{"start":{"line":5,"column":4},"end":{"line":5,"column":5}},"loc":{"start":{"line":5,"column":29},"end":{"line":8,"column":5}},"line":5}},"branchMap":{},"s":{"0":1,"1":1,"2":1,"3":1,"4":1,"5":1},"f":{"0":1,"1":1},"b":{},"_coverageSchema":"1a1c01bbd47fc00a2c39e90264f33305004495a9","hash":"1f8121cfb02d3272352f2ede026d333d23c6fe41"}
,"C:\\Users\\Mycomputer\\OneDrive\\Desktop\\Hactiv8\\Phase 2\\IP-RMT61\\server\\models\\orderdetail.js": {"path":"C:\\Users\\Mycomputer\\OneDrive\\Desktop\\Hactiv8\\Phase 2\\IP-RMT61\\server\\models\\orderdetail.js","statementMap":{"0":{"start":{"line":2,"column":18},"end":{"line":2,"column":38}},"1":{"start":{"line":3,"column":0},"end":{"line":23,"column":2}},"2":{"start":{"line":6,"column":6},"end":{"line":6,"column":69}},"3":{"start":{"line":7,"column":6},"end":{"line":7,"column":75}},"4":{"start":{"line":10,"column":2},"end":{"line":21,"column":4}},"5":{"start":{"line":22,"column":2},"end":{"line":22,"column":21}}},"fnMap":{"0":{"name":"(anonymous_0)","decl":{"start":{"line":3,"column":17},"end":{"line":3,"column":18}},"loc":{"start":{"line":3,"column":43},"end":{"line":23,"column":1}},"line":3},"1":{"name":"(anonymous_1)","decl":{"start":{"line":5,"column":4},"end":{"line":5,"column":5}},"loc":{"start":{"line":5,"column":29},"end":{"line":8,"column":5}},"line":5}},"branchMap":{},"s":{"0":1,"1":1,"2":1,"3":1,"4":1,"5":1},"f":{"0":1,"1":1},"b":{},"_coverageSchema":"1a1c01bbd47fc00a2c39e90264f33305004495a9","hash":"92db2c4ae70b812c0d608cf4472eb0f570d6d39e"}
,"C:\\Users\\Mycomputer\\OneDrive\\Desktop\\Hactiv8\\Phase 2\\IP-RMT61\\server\\models\\user.js": {"path":"C:\\Users\\Mycomputer\\OneDrive\\Desktop\\Hactiv8\\Phase 2\\IP-RMT61\\server\\models\\user.js","statementMap":{"0":{"start":{"line":2,"column":18},"end":{"line":2,"column":38}},"1":{"start":{"line":3,"column":0},"end":{"line":35,"column":2}},"2":{"start":{"line":6,"column":6},"end":{"line":6,"column":59}},"3":{"start":{"line":9,"column":2},"end":{"line":33,"column":4}},"4":{"start":{"line":34,"column":2},"end":{"line":34,"column":14}}},"fnMap":{"0":{"name":"(anonymous_0)","decl":{"start":{"line":3,"column":17},"end":{"line":3,"column":18}},"loc":{"start":{"line":3,"column":43},"end":{"line":35,"column":1}},"line":3},"1":{"name":"(anonymous_1)","decl":{"start":{"line":5,"column":4},"end":{"line":5,"column":5}},"loc":{"start":{"line":5,"column":29},"end":{"line":7,"column":5}},"line":5}},"branchMap":{},"s":{"0":1,"1":1,"2":1,"3":1,"4":1},"f":{"0":1,"1":1},"b":{},"_coverageSchema":"1a1c01bbd47fc00a2c39e90264f33305004495a9","hash":"1eaa2807d6ef1ec5e5dc905991e944e06ab4f7d1"}
,"C:\\Users\\Mycomputer\\OneDrive\\Desktop\\Hactiv8\\Phase 2\\IP-RMT61\\server\\routes\\auth.js": {"path":"C:\\Users\\Mycomputer\\OneDrive\\Desktop\\Hactiv8\\Phase 2\\IP-RMT61\\server\\routes\\auth.js","statementMap":{"0":{"start":{"line":1,"column":16},"end":{"line":1,"column":34}},"1":{"start":{"line":2,"column":15},"end":{"line":2,"column":31}},"2":{"start":{"line":3,"column":17},"end":{"line":3,"column":37}},"3":{"start":{"line":4,"column":15},"end":{"line":4,"column":32}},"4":{"start":{"line":5,"column":12},"end":{"line":5,"column":35}},"5":{"start":{"line":7,"column":0},"end":{"line":40,"column":3}},"6":{"start":{"line":8,"column":2},"end":{"line":39,"column":3}},"7":{"start":{"line":9,"column":42},"end":{"line":9,"column":50}},"8":{"start":{"line":10,"column":4},"end":{"line":12,"column":5}},"9":{"start":{"line":11,"column":6},"end":{"line":11,"column":72}},"10":{"start":{"line":15,"column":21},"end":{"line":15,"column":61}},"11":{"start":{"line":16,"column":4},"end":{"line":18,"column":5}},"12":{"start":{"line":17,"column":6},"end":{"line":17,"column":73}},"13":{"start":{"line":20,"column":19},"end":{"line":20,"column":50}},"14":{"start":{"line":21,"column":17},"end":{"line":21,"column":73}},"15":{"start":{"line":24,"column":18},"end":{"line":27,"column":5}},"16":{"start":{"line":29,"column":4},"end":{"line":36,"column":7}},"17":{"start":{"line":38,"column":4},"end":{"line":38,"column":61}},"18":{"start":{"line":42,"column":0},"end":{"line":42,"column":24}}},"fnMap":{"0":{"name":"(anonymous_0)","decl":{"start":{"line":7,"column":25},"end":{"line":7,"column":26}},"loc":{"start":{"line":7,"column":45},"end":{"line":40,"column":1}},"line":7}},"branchMap":{"0":{"loc":{"start":{"line":10,"column":4},"end":{"line":12,"column":5}},"type":"if","locations":[{"start":{"line":10,"column":4},"end":{"line":12,"column":5}},{"start":{},"end":{}}],"line":10},"1":{"loc":{"start":{"line":10,"column":8},"end":{"line":10,"column":40}},"type":"binary-expr","locations":[{"start":{"line":10,"column":8},"end":{"line":10,"column":14}},{"start":{"line":10,"column":18},"end":{"line":10,"column":27}},{"start":{"line":10,"column":31},"end":{"line":10,"column":40}}],"line":10},"2":{"loc":{"start":{"line":16,"column":4},"end":{"line":18,"column":5}},"type":"if","locations":[{"start":{"line":16,"column":4},"end":{"line":18,"column":5}},{"start":{},"end":{}}],"line":16},"3":{"loc":{"start":{"line":26,"column":6},"end":{"line":26,"column":49}},"type":"binary-expr","locations":[{"start":{"line":26,"column":6},"end":{"line":26,"column":28}},{"start":{"line":26,"column":32},"end":{"line":26,"column":49}}],"line":26}},"s":{"0":1,"1":1,"2":1,"3":1,"4":1,"5":1,"6":2,"7":2,"8":2,"9":1,"10":1,"11":1,"12":0,"13":1,"14":1,"15":1,"16":1,"17":0,"18":1},"f":{"0":2},"b":{"0":[1,1],"1":[2,1,1],"2":[0,1],"3":[1,0]},"_coverageSchema":"1a1c01bbd47fc00a2c39e90264f33305004495a9","hash":"ef2c7c762691f1c7f48bcf6aab0fbdd3bc05ddcb"}
,"C:\\Users\\Mycomputer\\OneDrive\\Desktop\\Hactiv8\\Phase 2\\IP-RMT61\\server\\routes\\menu.js": {"path":"C:\\Users\\Mycomputer\\OneDrive\\Desktop\\Hactiv8\\Phase 2\\IP-RMT61\\server\\routes\\menu.js","statementMap":{"0":{"start":{"line":1,"column":16},"end":{"line":1,"column":34}},"1":{"start":{"line":2,"column":15},"end":{"line":2,"column":31}},"2":{"start":{"line":3,"column":21},"end":{"line":3,"column":41}},"3":{"start":{"line":4,"column":15},"end":{"line":4,"column":35}},"4":{"start":{"line":5,"column":21},"end":{"line":5,"column":50}},"5":{"start":{"line":8,"column":0},"end":{"line":15,"column":3}},"6":{"start":{"line":9,"column":2},"end":{"line":14,"column":3}},"7":{"start":{"line":10,"column":22},"end":{"line":10,"column":46}},"8":{"start":{"line":11,"column":4},"end":{"line":11,"column":24}},"9":{"start":{"line":13,"column":4},"end":{"line":13,"column":51}},"10":{"start":{"line":18,"column":0},"end":{"line":27,"column":3}},"11":{"start":{"line":19,"column":2},"end":{"line":26,"column":3}},"12":{"start":{"line":20,"column":21},"end":{"line":20,"column":59}},"13":{"start":{"line":21,"column":4},"end":{"line":22,"column":68}},"14":{"start":{"line":22,"column":6},"end":{"line":22,"column":68}},"15":{"start":{"line":23,"column":4},"end":{"line":23,"column":23}},"16":{"start":{"line":25,"column":4},"end":{"line":25,"column":51}},"17":{"start":{"line":30,"column":0},"end":{"line":45,"column":3}},"18":{"start":{"line":31,"column":20},"end":{"line":31,"column":28}},"19":{"start":{"line":32,"column":2},"end":{"line":44,"column":3}},"20":{"start":{"line":33,"column":24},"end":{"line":33,"column":49}},"21":{"start":{"line":34,"column":22},"end":{"line":40,"column":6}},"22":{"start":{"line":41,"column":4},"end":{"line":41,"column":24}},"23":{"start":{"line":43,"column":4},"end":{"line":43,"column":51}},"24":{"start":{"line":47,"column":0},"end":{"line":47,"column":24}}},"fnMap":{"0":{"name":"(anonymous_0)","decl":{"start":{"line":8,"column":16},"end":{"line":8,"column":17}},"loc":{"start":{"line":8,"column":36},"end":{"line":15,"column":1}},"line":8},"1":{"name":"(anonymous_1)","decl":{"start":{"line":18,"column":19},"end":{"line":18,"column":20}},"loc":{"start":{"line":18,"column":39},"end":{"line":27,"column":1}},"line":18},"2":{"name":"(anonymous_2)","decl":{"start":{"line":30,"column":23},"end":{"line":30,"column":24}},"loc":{"start":{"line":30,"column":43},"end":{"line":45,"column":1}},"line":30}},"branchMap":{"0":{"loc":{"start":{"line":21,"column":4},"end":{"line":22,"column":68}},"type":"if","locations":[{"start":{"line":21,"column":4},"end":{"line":22,"column":68}},{"start":{},"end":{}}],"line":21}},"s":{"0":1,"1":1,"2":1,"3":1,"4":1,"5":1,"6":0,"7":0,"8":0,"9":0,"10":1,"11":0,"12":0,"13":0,"14":0,"15":0,"16":0,"17":1,"18":0,"19":0,"20":0,"21":0,"22":0,"23":0,"24":1},"f":{"0":0,"1":0,"2":0},"b":{"0":[0,0]},"_coverageSchema":"1a1c01bbd47fc00a2c39e90264f33305004495a9","hash":"c4f03b594081fbda4da7ecd1174e159bc2f724c7"}
,"C:\\Users\\Mycomputer\\OneDrive\\Desktop\\Hactiv8\\Phase 2\\IP-RMT61\\server\\routes\\orders.js": {"path":"C:\\Users\\Mycomputer\\OneDrive\\Desktop\\Hactiv8\\Phase 2\\IP-RMT61\\server\\routes\\orders.js","statementMap":{"0":{"start":{"line":1,"column":16},"end":{"line":1,"column":34}},"1":{"start":{"line":2,"column":15},"end":{"line":2,"column":31}},"2":{"start":{"line":3,"column":41},"end":{"line":3,"column":61}},"3":{"start":{"line":4,"column":26},"end":{"line":4,"column":55}},"4":{"start":{"line":5,"column":23},"end":{"line":5,"column":49}},"5":{"start":{"line":7,"column":28},"end":{"line":7,"column":59}},"6":{"start":{"line":8,"column":28},"end":{"line":8,"column":59}},"7":{"start":{"line":10,"column":13},"end":{"line":14,"column":2}},"8":{"start":{"line":17,"column":0},"end":{"line":53,"column":3}},"9":{"start":{"line":18,"column":31},"end":{"line":18,"column":39}},"10":{"start":{"line":19,"column":2},"end":{"line":52,"column":3}},"11":{"start":{"line":20,"column":24},"end":{"line":20,"column":75}},"12":{"start":{"line":20,"column":52},"end":{"line":20,"column":71}},"13":{"start":{"line":21,"column":18},"end":{"line":27,"column":6}},"14":{"start":{"line":29,"column":25},"end":{"line":34,"column":7}},"15":{"start":{"line":29,"column":46},"end":{"line":34,"column":5}},"16":{"start":{"line":35,"column":4},"end":{"line":35,"column":47}},"17":{"start":{"line":38,"column":22},"end":{"line":46,"column":5}},"18":{"start":{"line":48,"column":24},"end":{"line":48,"column":63}},"19":{"start":{"line":49,"column":4},"end":{"line":49,"column":62}},"20":{"start":{"line":51,"column":4},"end":{"line":51,"column":51}},"21":{"start":{"line":56,"column":0},"end":{"line":66,"column":3}},"22":{"start":{"line":57,"column":2},"end":{"line":65,"column":3}},"23":{"start":{"line":58,"column":19},"end":{"line":61,"column":6}},"24":{"start":{"line":62,"column":4},"end":{"line":62,"column":21}},"25":{"start":{"line":64,"column":4},"end":{"line":64,"column":51}},"26":{"start":{"line":69,"column":0},"end":{"line":83,"column":3}},"27":{"start":{"line":70,"column":2},"end":{"line":82,"column":3}},"28":{"start":{"line":71,"column":18},"end":{"line":73,"column":6}},"29":{"start":{"line":74,"column":4},"end":{"line":77,"column":66}},"30":{"start":{"line":75,"column":6},"end":{"line":77,"column":66}},"31":{"start":{"line":78,"column":4},"end":{"line":78,"column":26}},"32":{"start":{"line":79,"column":4},"end":{"line":79,"column":44}},"33":{"start":{"line":81,"column":4},"end":{"line":81,"column":51}},"34":{"start":{"line":85,"column":0},"end":{"line":85,"column":24}}},"fnMap":{"0":{"name":"(anonymous_0)","decl":{"start":{"line":17,"column":36},"end":{"line":17,"column":37}},"loc":{"start":{"line":17,"column":56},"end":{"line":53,"column":1}},"line":17},"1":{"name":"(anonymous_1)","decl":{"start":{"line":20,"column":37},"end":{"line":20,"column":38}},"loc":{"start":{"line":20,"column":52},"end":{"line":20,"column":71}},"line":20},"2":{"name":"(anonymous_2)","decl":{"start":{"line":29,"column":35},"end":{"line":29,"column":36}},"loc":{"start":{"line":29,"column":46},"end":{"line":34,"column":5}},"line":29},"3":{"name":"(anonymous_3)","decl":{"start":{"line":56,"column":35},"end":{"line":56,"column":36}},"loc":{"start":{"line":56,"column":55},"end":{"line":66,"column":1}},"line":56},"4":{"name":"(anonymous_4)","decl":{"start":{"line":69,"column":41},"end":{"line":69,"column":42}},"loc":{"start":{"line":69,"column":61},"end":{"line":83,"column":1}},"line":69}},"branchMap":{"0":{"loc":{"start":{"line":74,"column":4},"end":{"line":77,"column":66}},"type":"if","locations":[{"start":{"line":74,"column":4},"end":{"line":77,"column":66}},{"start":{},"end":{}}],"line":74}},"s":{"0":1,"1":1,"2":1,"3":1,"4":1,"5":1,"6":1,"7":1,"8":1,"9":0,"10":0,"11":0,"12":0,"13":0,"14":0,"15":0,"16":0,"17":0,"18":0,"19":0,"20":0,"21":1,"22":0,"23":0,"24":0,"25":0,"26":1,"27":0,"28":0,"29":0,"30":0,"31":0,"32":0,"33":0,"34":1},"f":{"0":0,"1":0,"2":0,"3":0,"4":0},"b":{"0":[0,0]},"_coverageSchema":"1a1c01bbd47fc00a2c39e90264f33305004495a9","hash":"b464dfe529a471bd98f34fe5b3a36553ebc620bc"}
,"C:\\Users\\Mycomputer\\OneDrive\\Desktop\\Hactiv8\\Phase 2\\IP-RMT61\\server\\services\\gemini.js": {"path":"C:\\Users\\Mycomputer\\OneDrive\\Desktop\\Hactiv8\\Phase 2\\IP-RMT61\\server\\services\\gemini.js","statementMap":{"0":{"start":{"line":1,"column":14},"end":{"line":1,"column":30}},"1":{"start":{"line":2,"column":23},"end":{"line":2,"column":49}},"2":{"start":{"line":4,"column":21},"end":{"line":22,"column":1}},"3":{"start":{"line":5,"column":2},"end":{"line":21,"column":3}},"4":{"start":{"line":6,"column":21},"end":{"line":16,"column":5}},"5":{"start":{"line":17,"column":4},"end":{"line":17,"column":37}},"6":{"start":{"line":19,"column":4},"end":{"line":19,"column":45}},"7":{"start":{"line":20,"column":4},"end":{"line":20,"column":16}},"8":{"start":{"line":24,"column":0},"end":{"line":24,"column":30}}},"fnMap":{"0":{"name":"(anonymous_0)","decl":{"start":{"line":4,"column":21},"end":{"line":4,"column":22}},"loc":{"start":{"line":4,"column":38},"end":{"line":22,"column":1}},"line":4}},"branchMap":{},"s":{"0":1,"1":1,"2":1,"3":0,"4":0,"5":0,"6":0,"7":0,"8":1},"f":{"0":0},"b":{},"_coverageSchema":"1a1c01bbd47fc00a2c39e90264f33305004495a9","hash":"0947fa83f7363e699be63e09fc77958733ae01a7"}
}
