TN:
SF:server.js
FN:19,(anonymous_0)
FN:24,(anonymous_1)
FN:40,(anonymous_2)
FNF:3
FNH:1
FNDA:0,(anonymous_0)
FNDA:1,(anonymous_1)
FNDA:0,(anonymous_2)
DA:1,5
DA:2,5
DA:3,5
DA:4,5
DA:5,5
DA:6,5
DA:7,5
DA:9,5
DA:10,5
DA:11,5
DA:14,5
DA:15,5
DA:16,5
DA:19,5
DA:20,0
DA:24,5
DA:25,1
DA:26,1
DA:27,1
DA:29,1
DA:30,1
DA:31,0
DA:32,0
DA:34,1
DA:38,5
DA:39,0
DA:40,0
DA:41,0
DA:45,5
LF:29
LH:23
BRDA:29,0,0,1
BRDA:29,0,1,0
BRDA:29,1,0,1
BRDA:29,1,1,0
BRDA:31,2,0,0
BRDA:31,2,1,0
BRDA:38,3,0,0
BRDA:38,3,1,5
BRDA:39,4,0,0
BRDA:39,4,1,0
BRF:10
BRH:3
end_of_record
TN:
SF:config\config.js
FNF:0
FNH:0
DA:1,5
DA:3,5
LF:2
LH:2
BRF:0
BRH:0
end_of_record
TN:
SF:middleware\auth.js
FN:3,authenticateToken
FN:8,(anonymous_1)
FNF:2
FNH:2
FNDA:4,authenticateToken
FNDA:4,(anonymous_1)
DA:1,5
DA:3,5
DA:4,4
DA:5,4
DA:6,4
DA:8,4
DA:9,4
DA:10,4
DA:11,4
LF:9
LH:9
BRDA:5,0,0,4
BRDA:5,0,1,4
BRDA:6,1,0,0
BRDA:6,1,1,4
BRDA:9,2,0,0
BRDA:9,2,1,4
BRF:6
BRH:4
end_of_record
TN:
SF:models\index.js
FN:25,(anonymous_0)
FN:33,(anonymous_1)
FN:41,(anonymous_2)
FNF:3
FNH:3
FNDA:25,(anonymous_0)
FNDA:20,(anonymous_1)
FNDA:20,(anonymous_2)
DA:3,5
DA:4,5
DA:5,5
DA:6,5
DA:7,5
DA:8,5
DA:9,5
DA:10,5
DA:13,5
DA:14,0
DA:16,5
DA:24,5
DA:26,25
DA:34,20
DA:38,20
DA:41,5
DA:42,20
DA:43,20
DA:47,5
DA:48,5
DA:50,5
LF:21
LH:20
BRDA:8,0,0,5
BRDA:8,0,1,0
BRDA:13,1,0,0
BRDA:13,1,1,5
BRDA:27,2,0,25
BRDA:27,2,1,25
BRDA:27,2,2,20
BRDA:27,2,3,20
BRDA:42,3,0,20
BRDA:42,3,1,0
BRF:10
BRH:7
end_of_record
TN:
SF:models\menuitem.js
FN:3,(anonymous_0)
FN:5,(anonymous_1)
FNF:2
FNH:2
FNDA:5,(anonymous_0)
FNDA:5,(anonymous_1)
DA:2,5
DA:3,5
DA:6,5
DA:9,5
DA:22,5
LF:5
LH:5
BRF:0
BRH:0
end_of_record
TN:
SF:models\order.js
FN:3,(anonymous_0)
FN:5,(anonymous_1)
FNF:2
FNH:2
FNDA:5,(anonymous_0)
FNDA:5,(anonymous_1)
DA:2,5
DA:3,5
DA:6,5
DA:7,5
DA:10,5
DA:26,5
LF:6
LH:6
BRF:0
BRH:0
end_of_record
TN:
SF:models\orderdetail.js
FN:3,(anonymous_0)
FN:5,(anonymous_1)
FNF:2
FNH:2
FNDA:5,(anonymous_0)
FNDA:5,(anonymous_1)
DA:2,5
DA:3,5
DA:6,5
DA:7,5
DA:10,5
DA:22,5
LF:6
LH:6
BRF:0
BRH:0
end_of_record
TN:
SF:models\user.js
FN:3,(anonymous_0)
FN:5,(anonymous_1)
FNF:2
FNH:2
FNDA:5,(anonymous_0)
FNDA:5,(anonymous_1)
DA:2,5
DA:3,5
DA:6,5
DA:9,5
DA:34,5
LF:5
LH:5
BRF:0
BRH:0
end_of_record
TN:
SF:routes\auth.js
FN:9,(anonymous_0)
FN:44,(anonymous_1)
FN:70,(anonymous_2)
FNF:3
FNH:2
FNDA:5,(anonymous_0)
FNDA:0,(anonymous_1)
FNDA:3,(anonymous_2)
DA:1,5
DA:2,5
DA:3,5
DA:4,5
DA:5,5
DA:6,5
DA:7,5
DA:9,5
DA:10,5
DA:11,5
DA:12,5
DA:13,1
DA:17,4
DA:18,4
DA:19,1
DA:22,3
DA:23,3
DA:26,3
DA:31,3
DA:40,0
DA:44,5
DA:45,0
DA:46,0
DA:47,0
DA:51,0
DA:52,0
DA:53,0
DA:54,0
DA:60,0
DA:64,0
DA:66,0
DA:70,5
DA:71,3
DA:72,3
DA:73,3
DA:74,0
DA:76,3
DA:77,3
DA:78,0
DA:80,3
DA:81,3
DA:82,1
DA:84,2
DA:88,2
DA:90,0
DA:94,5
LF:46
LH:32
BRDA:12,0,0,1
BRDA:12,0,1,4
BRDA:12,1,0,5
BRDA:12,1,1,4
BRDA:12,1,2,4
BRDA:18,2,0,1
BRDA:18,2,1,3
BRDA:28,3,0,3
BRDA:28,3,1,0
BRDA:53,4,0,0
BRDA:53,4,1,0
BRDA:73,5,0,0
BRDA:73,5,1,3
BRDA:73,6,0,3
BRDA:73,6,1,3
BRDA:77,7,0,0
BRDA:77,7,1,3
BRDA:81,8,0,1
BRDA:81,8,1,2
BRF:19
BRH:14
end_of_record
TN:
SF:routes\menu.js
FN:8,(anonymous_0)
FN:18,(anonymous_1)
FN:30,(anonymous_2)
FNF:3
FNH:2
FNDA:1,(anonymous_0)
FNDA:0,(anonymous_1)
FNDA:1,(anonymous_2)
DA:1,5
DA:2,5
DA:3,5
DA:4,5
DA:5,5
DA:8,5
DA:9,1
DA:10,1
DA:11,1
DA:13,0
DA:18,5
DA:19,0
DA:20,0
DA:21,0
DA:22,0
DA:23,0
DA:25,0
DA:30,5
DA:31,1
DA:32,1
DA:33,1
DA:34,1
DA:41,1
DA:43,0
DA:47,5
LF:25
LH:17
BRDA:21,0,0,0
BRDA:21,0,1,0
BRF:2
BRH:0
end_of_record
TN:
SF:routes\orders.js
FN:15,(anonymous_0)
FN:18,(anonymous_1)
FN:27,(anonymous_2)
FN:54,(anonymous_3)
FN:67,(anonymous_4)
FNF:5
FNH:5
FNDA:2,(anonymous_0)
FNDA:2,(anonymous_1)
FNDA:2,(anonymous_2)
FNDA:1,(anonymous_3)
FNDA:1,(anonymous_4)
DA:1,5
DA:2,5
DA:3,5
DA:4,5
DA:5,5
DA:6,5
DA:8,5
DA:15,5
DA:16,2
DA:17,2
DA:18,2
DA:19,2
DA:27,2
DA:33,2
DA:36,2
DA:46,2
DA:47,2
DA:49,0
DA:54,5
DA:55,1
DA:56,1
DA:60,1
DA:62,0
DA:67,5
DA:68,1
DA:69,1
DA:76,1
DA:77,0
DA:82,1
DA:85,1
DA:86,1
DA:88,0
DA:89,0
DA:93,5
LF:34
LH:29
BRDA:76,0,0,0
BRDA:76,0,1,1
BRF:2
BRH:1
end_of_record
TN:
SF:services\gemini.js
FN:4,(anonymous_0)
FNF:1
FNH:0
FNDA:0,(anonymous_0)
DA:1,4
DA:2,4
DA:4,4
DA:5,0
DA:6,0
DA:17,0
DA:19,0
DA:20,0
DA:24,4
LF:9
LH:4
BRF:0
BRH:0
end_of_record
